WARNING: Ignoring invalid distribution -cipy (/home/kevin/anaconda3/lib/python3.9/site-packages)
Obtaining file:///home/kevin/OneDrive/Documents/UMich/Research/boosting-grf
  Installing build dependencies: started
  Installing build dependencies: finished with status 'done'
  Checking if build backend supports build_editable: started
  Checking if build backend supports build_editable: finished with status 'done'
  Getting requirements to build editable: started
  Getting requirements to build editable: finished with status 'done'
  Preparing editable metadata (pyproject.toml): started
  Preparing editable metadata (pyproject.toml): finished with status 'done'
Requirement already satisfied: numpy in /home/kevin/anaconda3/lib/python3.9/site-packages (from boosting-grf==0.1.0) (1.26.1)
Requirement already satisfied: matplotlib in /home/kevin/anaconda3/lib/python3.9/site-packages (from boosting-grf==0.1.0) (3.9.0)
Requirement already satisfied: pytest in /home/kevin/anaconda3/lib/python3.9/site-packages (from boosting-grf==0.1.0) (6.2.4)
Requirement already satisfied: tqdm in /home/kevin/anaconda3/lib/python3.9/site-packages (from boosting-grf==0.1.0) (4.66.5)
Requirement already satisfied: contourpy>=1.0.1 in /home/kevin/anaconda3/lib/python3.9/site-packages (from matplotlib->boosting-grf==0.1.0) (1.0.7)
Requirement already satisfied: cycler>=0.10 in /home/kevin/anaconda3/lib/python3.9/site-packages (from matplotlib->boosting-grf==0.1.0) (0.10.0)
Requirement already satisfied: fonttools>=4.22.0 in /home/kevin/anaconda3/lib/python3.9/site-packages (from matplotlib->boosting-grf==0.1.0) (4.25.0)
Requirement already satisfied: kiwisolver>=1.3.1 in /home/kevin/anaconda3/lib/python3.9/site-packages (from matplotlib->boosting-grf==0.1.0) (1.4.2)
Requirement already satisfied: packaging>=20.0 in /home/kevin/anaconda3/lib/python3.9/site-packages (from matplotlib->boosting-grf==0.1.0) (24.1)
Requirement already satisfied: pillow>=8 in /home/kevin/anaconda3/lib/python3.9/site-packages (from matplotlib->boosting-grf==0.1.0) (10.2.0)
Requirement already satisfied: pyparsing>=2.3.1 in /home/kevin/anaconda3/lib/python3.9/site-packages (from matplotlib->boosting-grf==0.1.0) (3.2.1)
Requirement already satisfied: python-dateutil>=2.7 in /home/kevin/anaconda3/lib/python3.9/site-packages (from matplotlib->boosting-grf==0.1.0) (2.9.0.post0)
Requirement already satisfied: importlib-resources>=3.2.0 in /home/kevin/anaconda3/lib/python3.9/site-packages (from matplotlib->boosting-grf==0.1.0) (6.1.1)
Requirement already satisfied: attrs>=19.2.0 in /home/kevin/anaconda3/lib/python3.9/site-packages (from pytest->boosting-grf==0.1.0) (24.2.0)
Requirement already satisfied: iniconfig in /home/kevin/anaconda3/lib/python3.9/site-packages (from pytest->boosting-grf==0.1.0) (1.1.1)
Requirement already satisfied: pluggy<1.0.0a1,>=0.12 in /home/kevin/anaconda3/lib/python3.9/site-packages (from pytest->boosting-grf==0.1.0) (0.13.1)
Requirement already satisfied: py>=1.8.2 in /home/kevin/anaconda3/lib/python3.9/site-packages (from pytest->boosting-grf==0.1.0) (1.10.0)
Requirement already satisfied: toml in /home/kevin/anaconda3/lib/python3.9/site-packages (from pytest->boosting-grf==0.1.0) (0.10.2)
Requirement already satisfied: six in /home/kevin/anaconda3/lib/python3.9/site-packages (from cycler>=0.10->matplotlib->boosting-grf==0.1.0) (1.16.0)
Requirement already satisfied: zipp>=3.1.0 in /home/kevin/anaconda3/lib/python3.9/site-packages (from importlib-resources>=3.2.0->matplotlib->boosting-grf==0.1.0) (3.8.0)
Building wheels for collected packages: boosting-grf
  Building editable for boosting-grf (pyproject.toml): started
  Building editable for boosting-grf (pyproject.toml): finished with status 'done'
  Created wheel for boosting-grf: filename=boosting_grf-0.1.0-0.editable-cp39-cp39-linux_x86_64.whl size=5813 sha256=9c6d90f33709358de526869b3fde92ba0bb9257d86203ad877ae4e0549ac63f6
  Stored in directory: /tmp/pip-ephem-wheel-cache-jc_jnrk3/wheels/2a/ef/4d/898dfa544daadde5c036dafbef6953196320345ebb1966c304
Successfully built boosting-grf
WARNING: Ignoring invalid distribution -cipy (/home/kevin/anaconda3/lib/python3.9/site-packages)
Installing collected packages: boosting-grf
  Attempting uninstall: boosting-grf
    Found existing installation: boosting-grf 0.1.0
    Uninstalling boosting-grf-0.1.0:
      Successfully uninstalled boosting-grf-0.1.0
WARNING: Ignoring invalid distribution -cipy (/home/kevin/anaconda3/lib/python3.9/site-packages)
Successfully installed boosting-grf-0.1.0

[notice] A new release of pip is available: 24.3.1 -> 25.3
[notice] To update, run: pip install --upgrade pip
